<?xml version="1.0" encoding="UTF-8"?>
<testng-results ignored="0" total="1" passed="1" failed="0" skipped="0">
  <reporter-output>
  </reporter-output>
  <suite started-at="2025-02-23T14:07:30 IST" name="Default suite" finished-at="2025-02-23T14:08:11 IST" duration-ms="40786">
    <groups>
    </groups>
    <test started-at="2025-02-23T14:07:30 IST" name="Default test" finished-at="2025-02-23T14:08:11 IST" duration-ms="40786">
      <class name="com.demo.qaTest.AddToCartPageTest">
        <test-method is-config="true" signature="setUp()[pri:0, instance:com.demo.qaTest.AddToCartPageTest@618b19ad]" started-at="2025-02-23T14:07:31 IST" name="setUp" finished-at="2025-02-23T14:07:37 IST" duration-ms="6691" status="PASS">
          <reporter-output>
          </reporter-output>
        </test-method> <!-- setUp -->
        <test-method signature="ClickonProduct()[pri:2, instance:com.demo.qaTest.AddToCartPageTest@618b19ad]" started-at="2025-02-23T14:07:37 IST" name="ClickonProduct" finished-at="2025-02-23T14:08:11 IST" duration-ms="34009" status="PASS">
          <reporter-output>
          </reporter-output>
        </test-method> <!-- ClickonProduct -->
      </class> <!-- com.demo.qaTest.AddToCartPageTest -->
    </test> <!-- Default test -->
  </suite> <!-- Default suite -->
</testng-results>
